<?xml version="1.0" encoding="UTF-8"?>
<!-- Generated by org.testng.reporters.JUnitXMLReporter -->
<testsuite hostname="IBBSSGC50C5QQRV" name="Test" tests="1" failures="0" timestamp="4 Feb 2015 05:54:19 GMT" time="0.105" errors="0">
  <testcase name="@BeforeClass beforeClass" time="0.0" classname="test.Chrome">
    <failure type="java.lang.IllegalStateException" message="The driver executable does not exist: D:\eclipse-standard-kepler-SR2-win32-x86_64\work\JavaBrower\tools\chromedriver">
      <![CDATA[java.lang.IllegalStateException: The driver executable does not exist: D:\eclipse-standard-kepler-SR2-win32-x86_64\work\JavaBrower\tools\chromedriver
	at com.google.common.base.Preconditions.checkState(Preconditions.java:197)
	at org.openqa.selenium.remote.service.DriverService.checkExecutable(DriverService.java:117)
	at org.openqa.selenium.remote.service.DriverService.findExecutable(DriverService.java:112)
	at org.openqa.selenium.chrome.ChromeDriverService.createDefaultService(ChromeDriverService.java:89)
	at org.openqa.selenium.chrome.ChromeDriver.<init>(ChromeDriver.java:117)
	at test.Chrome.beforeClass(Chrome.java:16)
... Removed 24 stack frames]]>
    </failure>
  </testcase> <!-- @BeforeClass beforeClass -->
  <testcase name="@AfterClass afterClass" time="0.0" classname="test.Chrome">
    <skipped/>
  </testcase> <!-- @AfterClass afterClass -->
  <testcase name="start" time="0.001" classname="test.Chrome">
    <skipped/>
  </testcase> <!-- start -->
</testsuite> <!-- Test -->
